<?xml version="1.0" encoding="UTF-8"?>
<testng-results skipped="0" failed="0" total="1" passed="1">
  <reporter-output>
  </reporter-output>
  <suite name="Default suite" duration-ms="22402" started-at="2019-10-04T14:21:57Z" finished-at="2019-10-04T14:22:19Z">
    <groups>
    </groups>
    <test name="Default test" duration-ms="22402" started-at="2019-10-04T14:21:57Z" finished-at="2019-10-04T14:22:19Z">
      <class name="Appium.AppiumSelniumStepByStep.OpenCalCulator">
        <test-method status="PASS" signature="openCalCulatorExample()[pri:0, instance:Appium.AppiumSelniumStepByStep.OpenCalCulator@2133c8f8]" name="openCalCulatorExample" duration-ms="22389" started-at="2019-10-04T19:51:57Z" finished-at="2019-10-04T19:52:19Z">
          <reporter-output>
          </reporter-output>
        </test-method> <!-- openCalCulatorExample -->
      </class> <!-- Appium.AppiumSelniumStepByStep.OpenCalCulator -->
    </test> <!-- Default test -->
  </suite> <!-- Default suite -->
</testng-results>
